<?xml version="1.0" encoding="UTF-8"?>
<!-- Generated by org.testng.reporters.JUnitReportReporter -->
<testsuite skipped="0" hostname="DESKTOP-35IGFJA" name="utility.ExcelUtils" tests="1" failures="0" timestamp="16 Feb 2019 21:02:28 GMT" time="0.692" errors="0">
  <testcase name="method" time="0.692" classname="utility.ExcelUtils"/>
</testsuite> <!-- utility.ExcelUtils -->
