<?xml version="1.0" encoding="UTF-8"?>
<!-- Generated by org.testng.reporters.JUnitReportReporter -->
<testsuite skipped="0" hostname="DESKTOP-35IGFJA" name="test.HRMTestCase" tests="4" failures="0" timestamp="11 Mar 2019 17:05:24 GMT" time="164.977" errors="0">
  <testcase name="login" time="17.943" classname="test.HRMTestCase"/>
  <testcase name="applyLeave" time="25.874" classname="test.HRMTestCase"/>
  <testcase name="checkLeave" time="19.630" classname="test.HRMTestCase"/>
  <testcase name="expense" time="101.530" classname="test.HRMTestCase"/>
</testsuite> <!-- test.HRMTestCase -->
