<?xml version="1.0" encoding="UTF-8"?>
<!-- Generated by org.testng.reporters.JUnitReportReporter -->
<testsuite skipped="0" hostname="DESKTOP-35IGFJA" name="test.HRMTestCase" tests="4" failures="0" timestamp="10 Mar 2019 09:44:56 GMT" time="171.004" errors="0">
  <testcase name="login" time="18.803" classname="test.HRMTestCase"/>
  <testcase name="applyLeave" time="25.952" classname="test.HRMTestCase"/>
  <testcase name="checkLeave" time="20.146" classname="test.HRMTestCase"/>
  <testcase name="expense" time="106.103" classname="test.HRMTestCase"/>
</testsuite> <!-- test.HRMTestCase -->
